2020-03-19 22:45:35,475 - my_interface_test - [test_01_register.py-->line:41] - INFO: 用例正确格式的数据注册成功执行通过
2020-03-19 22:45:36,132 - my_interface_test - [test_01_register.py-->line:41] - INFO: 用例密码为空执行通过
2020-03-19 22:45:36,758 - my_interface_test - [test_01_register.py-->line:41] - INFO: 用例密码少于8位执行通过
2020-03-19 22:45:37,390 - my_interface_test - [test_01_register.py-->line:41] - INFO: 用例密码大于16位执行通过
2020-03-19 22:45:37,649 - my_interface_test - [test_01_register.py-->line:41] - INFO: 用例手机号为空执行通过
2020-03-19 22:45:37,935 - my_interface_test - [test_01_register.py-->line:41] - INFO: 用例手机号密码均为空执行通过
2020-03-19 22:45:38,193 - my_interface_test - [test_01_register.py-->line:41] - INFO: 用例手机号输入为空格执行通过
2020-03-19 22:45:38,481 - my_interface_test - [test_01_register.py-->line:37] - ERROR: assert [2, '无效的手机格式'] == [2, '密码格式为8到16位']
  At index 1 diff: '无效的手机格式' != '密码格式为8到16位'
  Use -v to get the full diff
2020-03-19 22:45:40,511 - my_interface_test - [test_01_register.py-->line:37] - ERROR: assert [2, '无效的手机格式'] == [2, '密码格式为8到16位']
  At index 1 diff: '无效的手机格式' != '密码格式为8到16位'
  Use -v to get the full diff
2020-03-19 22:45:41,121 - my_interface_test - [test_02_login.py-->line:42] - INFO: 用例手机密码均为空执行通过
2020-03-19 22:45:41,466 - my_interface_test - [test_02_login.py-->line:42] - INFO: 用例手机密码正常输入执行通过
2020-03-19 22:45:41,746 - my_interface_test - [test_02_login.py-->line:42] - INFO: 用例密码为空执行通过
2020-03-19 22:45:42,019 - my_interface_test - [test_02_login.py-->line:42] - INFO: 用例手机号少于8位执行通过
2020-03-19 22:45:42,671 - my_interface_test - [test_03_recharge.py-->line:53] - INFO: 用例不登录充值执行通过
2020-03-19 22:45:43,013 - my_interface_test - [test_03_recharge.py-->line:53] - INFO: 用例投资人登录成功执行通过
2020-03-19 22:45:43,579 - my_interface_test - [test_03_recharge.py-->line:49] - ERROR: assert (984813.2 - 964813.2) == 898412.1
2020-03-19 22:45:45,223 - my_interface_test - [test_03_recharge.py-->line:49] - ERROR: assert (1004813.2 - 984813.2) == 918412.1
2020-03-19 22:45:45,531 - my_interface_test - [test_03_recharge.py-->line:53] - INFO: 用例投资人id为空执行通过
2020-03-19 22:45:45,826 - my_interface_test - [test_03_recharge.py-->line:53] - INFO: 用例投资人id为空格执行通过
2020-03-19 22:45:46,119 - my_interface_test - [test_03_recharge.py-->line:53] - INFO: 用例投资数量为负数执行通过
2020-03-19 22:45:46,430 - my_interface_test - [test_03_recharge.py-->line:53] - INFO: 用例投资数量为小数执行通过
2020-03-19 22:45:46,731 - my_interface_test - [test_03_recharge.py-->line:53] - INFO: 用例投资数量为非字数执行通过
2020-03-19 22:45:47,031 - my_interface_test - [test_03_recharge.py-->line:53] - INFO: 用例投资数量为空执行通过
2020-03-19 22:45:47,355 - my_interface_test - [test_03_recharge.py-->line:53] - INFO: 用例投资数量为0执行通过
2020-03-19 22:45:47,982 - my_interface_test - [test_04_add.py-->line:42] - INFO: 用例未登录增加项目执行通过
2020-03-19 22:45:48,312 - my_interface_test - [test_04_add.py-->line:42] - INFO: 用例借款人登录成功执行通过
2020-03-19 22:45:48,616 - my_interface_test - [test_04_add.py-->line:42] - INFO: 用例添加项目成功执行通过
2020-03-19 22:45:48,871 - my_interface_test - [test_04_add.py-->line:42] - INFO: 用例用户id为空执行通过
2020-03-19 22:45:49,323 - my_interface_test - [test_04_add.py-->line:35] - ERROR: assert [1007, '无权限访问，请检查参数'] == [1004, 'JSON ...member_id"])']
  At index 0 diff: 1007 != 1004
  Use -v to get the full diff
2020-03-19 22:45:50,671 - my_interface_test - [test_04_add.py-->line:35] - ERROR: assert [1007, '无权限访问，请检查参数'] == [1004, 'JSON ...member_id"])']
  At index 0 diff: 1007 != 1004
  Use -v to get the full diff
2020-03-19 22:45:51,056 - my_interface_test - [test_04_add.py-->line:42] - INFO: 用例标题为空执行通过
2020-03-19 22:45:51,338 - my_interface_test - [test_04_add.py-->line:42] - INFO: 用例借款数量为0执行通过
2020-03-19 22:45:51,656 - my_interface_test - [test_04_add.py-->line:42] - INFO: 用例借款数量为负数执行通过
2020-03-19 22:45:51,950 - my_interface_test - [test_04_add.py-->line:42] - INFO: 用例借款期限为负数执行通过
2020-03-19 22:45:52,248 - my_interface_test - [test_04_add.py-->line:42] - INFO: 用例借款期限小于1个月执行通过
2020-03-19 22:45:52,563 - my_interface_test - [test_04_add.py-->line:42] - INFO: 用例借款期限大于36个月执行通过
2020-03-19 22:45:53,196 - my_interface_test - [test_05_verify.py-->line:45] - INFO: 用例管理员登录执行通过
2020-03-19 22:45:53,507 - my_interface_test - [test_05_verify.py-->line:45] - INFO: 用例管理员审核执行通过
2020-03-19 22:45:58,565 - my_interface_test - [test_06_invest.py-->line:39] - INFO: 用例未登录进行投资执行通过
2020-03-19 22:46:00,414 - my_interface_test - [test_06_invest.py-->line:39] - INFO: 用例投资人登录执行通过
2020-03-19 22:48:23,057 - my_interface_test - [test_06_invest.py-->line:39] - INFO: 用例投资成功执行通过
2020-03-19 22:48:27,333 - my_interface_test - [test_06_invest.py-->line:39] - INFO: 用例投资金额带小数执行通过
2020-03-19 22:48:28,249 - my_interface_test - [test_06_invest.py-->line:39] - INFO: 用例投资金额为负数执行通过
2020-03-19 22:48:29,140 - my_interface_test - [test_06_invest.py-->line:39] - INFO: 用例投资金额个位不为0执行通过
2020-03-19 22:48:30,017 - my_interface_test - [test_06_invest.py-->line:39] - INFO: 用例投资金额十位不为0执行通过
2020-03-19 22:48:30,937 - my_interface_test - [test_06_invest.py-->line:35] - ERROR: assert [2, '该项目不在竞标中状态'] == [2, '该标可投金额不足,可投金额：798000.0']
  At index 1 diff: '该项目不在竞标中状态' != '该标可投金额不足,可投金额：798000.0'
  Use -v to get the full diff
2020-03-19 22:48:34,213 - my_interface_test - [test_06_invest.py-->line:35] - ERROR: assert [2, '该项目不在竞标中状态'] == [1003, '未授权或token已过期']
  At index 0 diff: 2 != 1003
  Use -v to get the full diff
