2020-03-19 22:40:35,332 - my_interface_test - [test_01_register.py-->line:41] - INFO: 用例正确格式的数据注册成功执行通过
2020-03-19 22:40:35,807 - my_interface_test - [test_01_register.py-->line:41] - INFO: 用例密码为空执行通过
2020-03-19 22:40:36,327 - my_interface_test - [test_01_register.py-->line:41] - INFO: 用例密码少于8位执行通过
2020-03-19 22:40:36,821 - my_interface_test - [test_01_register.py-->line:41] - INFO: 用例密码大于16位执行通过
2020-03-19 22:40:36,964 - my_interface_test - [test_01_register.py-->line:41] - INFO: 用例手机号为空执行通过
2020-03-19 22:40:37,152 - my_interface_test - [test_01_register.py-->line:41] - INFO: 用例手机号密码均为空执行通过
2020-03-19 22:40:37,315 - my_interface_test - [test_01_register.py-->line:41] - INFO: 用例手机号输入为空格执行通过
2020-03-19 22:40:37,448 - my_interface_test - [test_01_register.py-->line:37] - ERROR: assert [2, '无效的手机格式'] == [2, '密码格式为8到16位']
  At index 1 diff: '无效的手机格式' != '密码格式为8到16位'
  Use -v to get the full diff
2020-03-19 22:40:38,953 - my_interface_test - [test_01_register.py-->line:37] - ERROR: assert [2, '无效的手机格式'] == [2, '密码格式为8到16位']
  At index 1 diff: '无效的手机格式' != '密码格式为8到16位'
  Use -v to get the full diff
2020-03-19 22:40:39,386 - my_interface_test - [test_02_login.py-->line:42] - INFO: 用例手机密码均为空执行通过
2020-03-19 22:40:39,584 - my_interface_test - [test_02_login.py-->line:42] - INFO: 用例手机密码正常输入执行通过
2020-03-19 22:40:39,753 - my_interface_test - [test_02_login.py-->line:42] - INFO: 用例密码为空执行通过
2020-03-19 22:40:39,893 - my_interface_test - [test_02_login.py-->line:42] - INFO: 用例手机号少于8位执行通过
2020-03-19 22:40:40,410 - my_interface_test - [test_03_recharge.py-->line:53] - INFO: 用例不登录充值执行通过
2020-03-19 22:40:40,582 - my_interface_test - [test_03_recharge.py-->line:53] - INFO: 用例投资人登录成功执行通过
2020-03-19 22:40:41,034 - my_interface_test - [test_03_recharge.py-->line:49] - ERROR: assert (864211.55 - 844211.55) == 783810.45
2020-03-19 22:40:42,502 - my_interface_test - [test_03_recharge.py-->line:49] - ERROR: assert (884211.55 - 864211.55) == 803810.45
2020-03-19 22:40:42,675 - my_interface_test - [test_03_recharge.py-->line:53] - INFO: 用例投资人id为空执行通过
2020-03-19 22:40:42,847 - my_interface_test - [test_03_recharge.py-->line:53] - INFO: 用例投资人id为空格执行通过
2020-03-19 22:40:43,016 - my_interface_test - [test_03_recharge.py-->line:53] - INFO: 用例投资数量为负数执行通过
2020-03-19 22:40:43,211 - my_interface_test - [test_03_recharge.py-->line:53] - INFO: 用例投资数量为小数执行通过
2020-03-19 22:40:43,366 - my_interface_test - [test_03_recharge.py-->line:53] - INFO: 用例投资数量为非字数执行通过
2020-03-19 22:40:43,506 - my_interface_test - [test_03_recharge.py-->line:53] - INFO: 用例投资数量为空执行通过
2020-03-19 22:40:43,693 - my_interface_test - [test_03_recharge.py-->line:53] - INFO: 用例投资数量为0执行通过
2020-03-19 22:40:44,125 - my_interface_test - [test_04_add.py-->line:42] - INFO: 用例未登录增加项目执行通过
2020-03-19 22:40:44,324 - my_interface_test - [test_04_add.py-->line:42] - INFO: 用例借款人登录成功执行通过
2020-03-19 22:40:44,501 - my_interface_test - [test_04_add.py-->line:42] - INFO: 用例添加项目成功执行通过
2020-03-19 22:40:44,673 - my_interface_test - [test_04_add.py-->line:42] - INFO: 用例用户id为空执行通过
2020-03-19 22:40:44,843 - my_interface_test - [test_04_add.py-->line:35] - ERROR: assert [1007, '无权限访问，请检查参数'] == [1004, 'JSON ...member_id"])']
  At index 0 diff: 1007 != 1004
  Use -v to get the full diff
2020-03-19 22:40:46,035 - my_interface_test - [test_04_add.py-->line:35] - ERROR: assert [1007, '无权限访问，请检查参数'] == [1004, 'JSON ...member_id"])']
  At index 0 diff: 1007 != 1004
  Use -v to get the full diff
2020-03-19 22:40:46,177 - my_interface_test - [test_04_add.py-->line:42] - INFO: 用例标题为空执行通过
2020-03-19 22:40:46,362 - my_interface_test - [test_04_add.py-->line:42] - INFO: 用例借款数量为0执行通过
2020-03-19 22:40:46,547 - my_interface_test - [test_04_add.py-->line:42] - INFO: 用例借款数量为负数执行通过
2020-03-19 22:40:46,724 - my_interface_test - [test_04_add.py-->line:42] - INFO: 用例借款期限为负数执行通过
2020-03-19 22:40:46,919 - my_interface_test - [test_04_add.py-->line:42] - INFO: 用例借款期限小于1个月执行通过
2020-03-19 22:40:47,086 - my_interface_test - [test_04_add.py-->line:42] - INFO: 用例借款期限大于36个月执行通过
2020-03-19 22:40:47,535 - my_interface_test - [test_05_verify.py-->line:45] - INFO: 用例管理员登录执行通过
2020-03-19 22:40:47,678 - my_interface_test - [test_05_verify.py-->line:45] - INFO: 用例管理员审核执行通过
2020-03-19 22:40:48,121 - my_interface_test - [test_06_invest.py-->line:39] - INFO: 用例未登录进行投资执行通过
2020-03-19 22:40:48,340 - my_interface_test - [test_06_invest.py-->line:39] - INFO: 用例投资人登录执行通过
2020-03-19 22:40:48,512 - my_interface_test - [test_06_invest.py-->line:39] - INFO: 用例投资成功执行通过
2020-03-19 22:40:48,672 - my_interface_test - [test_06_invest.py-->line:39] - INFO: 用例投资金额带小数执行通过
2020-03-19 22:40:48,810 - my_interface_test - [test_06_invest.py-->line:39] - INFO: 用例投资金额为负数执行通过
2020-03-19 22:40:48,977 - my_interface_test - [test_06_invest.py-->line:39] - INFO: 用例投资金额个位不为0执行通过
2020-03-19 22:40:49,145 - my_interface_test - [test_06_invest.py-->line:39] - INFO: 用例投资金额十位不为0执行通过
2020-03-19 22:40:49,334 - my_interface_test - [test_06_invest.py-->line:35] - ERROR: assert [2, '该项目不在竞标中状态'] == [2, '该标可投金额不足,可投金额：798000.0']
  At index 1 diff: '该项目不在竞标中状态' != '该标可投金额不足,可投金额：798000.0'
  Use -v to get the full diff
2020-03-19 22:40:50,804 - my_interface_test - [test_06_invest.py-->line:35] - ERROR: assert [2, '该项目不在竞标中状态'] == [1003, '未授权或token已过期']
  At index 0 diff: 2 != 1003
  Use -v to get the full diff
